0 info it worked if it ends with ok
1 verbose cli [ '/usr/local/bin/node',
1 verbose cli   '/usr/local/bin/npm',
1 verbose cli   'run',
1 verbose cli   'coveralls' ]
2 info using npm@3.10.3
3 info using node@v6.3.1
4 verbose run-script [ 'precoveralls', 'coveralls', 'postcoveralls' ]
5 info lifecycle apollo-connector-mongodb@1.0.0~precoveralls: apollo-connector-mongodb@1.0.0
6 silly lifecycle apollo-connector-mongodb@1.0.0~precoveralls: no script for precoveralls, continuing
7 info lifecycle apollo-connector-mongodb@1.0.0~coveralls: apollo-connector-mongodb@1.0.0
8 verbose lifecycle apollo-connector-mongodb@1.0.0~coveralls: unsafe-perm in lifecycle true
9 verbose lifecycle apollo-connector-mongodb@1.0.0~coveralls: PATH: /usr/local/lib/node_modules/npm/bin/node-gyp-bin:/Users/tomi/Github/packages/apollo-connector-mongodb/node_modules/.bin:/usr/local/bin:/usr/local/bin:/usr/bin:/bin:/usr/sbin:/sbin
10 verbose lifecycle apollo-connector-mongodb@1.0.0~coveralls: CWD: /Users/tomi/Github/packages/apollo-connector-mongodb
11 silly lifecycle apollo-connector-mongodb@1.0.0~coveralls: Args: [ '-c',
11 silly lifecycle   'NODE_ENV=test nyc npm test && nyc report --reporter=text-lcov | coveralls' ]
12 info lifecycle apollo-connector-mongodb@1.0.0~coveralls: Failed to exec coveralls script
13 verbose stack Error: apollo-connector-mongodb@1.0.0 coveralls: `NODE_ENV=test nyc npm test && nyc report --reporter=text-lcov | coveralls`
13 verbose stack spawn ENOENT
13 verbose stack     at ChildProcess.<anonymous> (/usr/local/lib/node_modules/npm/lib/utils/spawn.js:33:16)
13 verbose stack     at emitTwo (events.js:106:13)
13 verbose stack     at ChildProcess.emit (events.js:191:7)
13 verbose stack     at maybeClose (internal/child_process.js:852:16)
13 verbose stack     at Process.ChildProcess._handle.onexit (internal/child_process.js:215:5)
14 verbose pkgid apollo-connector-mongodb@1.0.0
15 verbose cwd /Users/tomi/Github/packages/apollo-connector-mongodb
16 error Darwin 15.6.0
17 error argv "/usr/local/bin/node" "/usr/local/bin/npm" "run" "coveralls"
18 error node v6.3.1
19 error npm  v3.10.3
20 error file sh
21 error code ELIFECYCLE
22 error errno ENOENT
23 error syscall spawn
24 error apollo-connector-mongodb@1.0.0 coveralls: `NODE_ENV=test nyc npm test && nyc report --reporter=text-lcov | coveralls`
24 error spawn ENOENT
25 error Failed at the apollo-connector-mongodb@1.0.0 coveralls script 'NODE_ENV=test nyc npm test && nyc report --reporter=text-lcov | coveralls'.
25 error Make sure you have the latest version of node.js and npm installed.
25 error If you do, this is most likely a problem with the apollo-connector-mongodb package,
25 error not with npm itself.
25 error Tell the author that this fails on your system:
25 error     NODE_ENV=test nyc npm test && nyc report --reporter=text-lcov | coveralls
25 error You can get information on how to open an issue for this project with:
25 error     npm bugs apollo-connector-mongodb
25 error Or if that isn't available, you can get their info via:
25 error     npm owner ls apollo-connector-mongodb
25 error There is likely additional logging output above.
26 verbose exit [ 1, true ]
